{
  "RSpec": {
    "coverage": {
      "/Users/kyeg_logos_mac/GitHub_Box/mind-map/lib/github_api.rb": {
        "lines": [
          null,
          null,
          1,
          1,
          1,
          null,
          1,
          null,
          1,
          1,
          null,
          1,
          5,
          null,
          null,
          1,
          5,
          null,
          null,
          null,
          null,
          null,
          3,
          null,
          null,
          null,
          1,
          1,
          5,
          5,
          null,
          null,
          1,
          5,
          null,
          5,
          null,
          null,
          1,
          5,
          null,
          null,
          null,
          null,
          5,
          5,
          null,
          null,
          null,
          null,
          null,
          null,
          1,
          null,
          1,
          null,
          null,
          1,
          null,
          null,
          1,
          null,
          null,
          1,
          null,
          null,
          null,
          null,
          1,
          5,
          null,
          null,
          1,
          2,
          null,
          null,
          null,
          null
        ]
      },
      "/Users/kyeg_logos_mac/GitHub_Box/mind-map/lib/resource.rb": {
        "lines": [
          null,
          null,
          1,
          null,
          1,
          1,
          3,
          3,
          null,
          null,
          1,
          1,
          null,
          null,
          1,
          1,
          null,
          null,
          1,
          0,
          null,
          null,
          1,
          1,
          null,
          null,
          1,
          1,
          null,
          null,
          null,
          1,
          3,
          null,
          3,
          null,
          48,
          null,
          null,
          null
        ]
      },
      "/Users/kyeg_logos_mac/GitHub_Box/mind-map/lib/topic.rb": {
        "lines": [
          null,
          null,
          1,
          null,
          1,
          1,
          null,
          1,
          45,
          45,
          null,
          null,
          1,
          5,
          null,
          5,
          10,
          null,
          null,
          null,
          null
        ]
      }
    },
    "timestamp": 1604137704
  }
}
