{
  "RSpec": {
    "coverage": {
      "/Users/kyeg_logos_mac/GitHub_Box/mind-map/init.rb": {
        "lines": [
          null,
          null,
          1,
          null,
          2,
          null
        ]
      },
      "/Users/kyeg_logos_mac/GitHub_Box/mind-map/config/init.rb": {
        "lines": [
          null,
          null,
          1
        ]
      },
      "/Users/kyeg_logos_mac/GitHub_Box/mind-map/config/environment.rb": {
        "lines": [
          null,
          null,
          1,
          1,
          null,
          1,
          null,
          1,
          1,
          null,
          1,
          1,
          1,
          null,
          1,
          1,
          null,
          null,
          1,
          null,
          null,
          null,
          1,
          1,
          null,
          1,
          null,
          1,
          2,
          null,
          null,
          null,
          null
        ]
      },
      "/Users/kyeg_logos_mac/GitHub_Box/mind-map/app/init.rb": {
        "lines": [
          null,
          null,
          1,
          1,
          3,
          null
        ]
      },
      "/Users/kyeg_logos_mac/GitHub_Box/mind-map/app/models/init.rb": {
        "lines": [
          null,
          null,
          1,
          null,
          3,
          null
        ]
      },
      "/Users/kyeg_logos_mac/GitHub_Box/mind-map/app/models/entities/init.rb": {
        "lines": [
          null,
          null,
          1,
          1,
          null,
          1,
          3,
          null
        ]
      },
      "/Users/kyeg_logos_mac/GitHub_Box/mind-map/app/models/entities/resource.rb": {
        "lines": [
          null,
          null,
          1,
          null,
          1,
          1,
          null,
          1,
          1,
          null,
          1,
          1,
          1,
          1,
          1,
          1,
          1,
          1,
          null,
          1,
          9,
          null,
          null,
          null,
          null
        ]
      },
      "/Users/kyeg_logos_mac/GitHub_Box/mind-map/app/models/entities/topic.rb": {
        "lines": [
          null,
          null,
          1,
          1,
          null,
          1,
          1,
          null,
          1,
          1,
          1,
          null,
          1,
          60,
          null,
          null,
          null,
          null
        ]
      },
      "/Users/kyeg_logos_mac/GitHub_Box/mind-map/app/models/mappers/init.rb": {
        "lines": [
          null,
          null,
          1,
          2,
          null
        ]
      },
      "/Users/kyeg_logos_mac/GitHub_Box/mind-map/app/models/mappers/resource_mapper.rb": {
        "lines": [
          null,
          null,
          1,
          null,
          1,
          1,
          null,
          1,
          1,
          1,
          1,
          1,
          null,
          null,
          1,
          1,
          1,
          null,
          null,
          1,
          1,
          null,
          null,
          null,
          1,
          1,
          1,
          null,
          null,
          1,
          1,
          null,
          1,
          null,
          null,
          null,
          null,
          null,
          null,
          null,
          null,
          null,
          null,
          null,
          null,
          null,
          null,
          1,
          1,
          null,
          null,
          1,
          1,
          null,
          null,
          1,
          1,
          null,
          null,
          1,
          1,
          null,
          null,
          1,
          1,
          null,
          null,
          1,
          1,
          null,
          null,
          1,
          1,
          15,
          null,
          null,
          null,
          null,
          null,
          null,
          null,
          null,
          null,
          null
        ]
      },
      "/Users/kyeg_logos_mac/GitHub_Box/mind-map/app/models/repositories/init.rb": {
        "lines": [
          null,
          null,
          1,
          1,
          1
        ]
      },
      "/Users/kyeg_logos_mac/GitHub_Box/mind-map/app/models/repositories/resources.rb": {
        "lines": [
          null,
          null,
          1,
          null,
          1,
          null,
          1,
          1,
          0,
          null,
          null,
          1,
          1,
          null,
          null,
          1,
          0,
          0,
          null,
          null,
          1,
          1,
          1,
          null,
          null,
          1,
          1,
          null,
          1,
          null,
          1,
          null,
          1,
          null,
          null,
          1,
          null,
          1,
          2,
          null,
          1,
          null,
          null,
          null,
          null,
          null,
          null,
          null,
          1,
          1,
          1,
          null,
          null,
          1,
          1,
          null,
          null,
          1,
          1,
          1,
          15,
          null,
          null,
          15,
          null,
          null,
          null,
          null,
          null,
          null,
          null
        ]
      },
      "/Users/kyeg_logos_mac/GitHub_Box/mind-map/app/models/repositories/topics.rb": {
        "lines": [
          null,
          null,
          1,
          1,
          null,
          1,
          1,
          0,
          null,
          null,
          1,
          0,
          null,
          null,
          1,
          null,
          1,
          15,
          null,
          15,
          null,
          null,
          null,
          null,
          null,
          null,
          1,
          1,
          15,
          null,
          null,
          null,
          1,
          15,
          null,
          null,
          null,
          null
        ]
      },
      "/Users/kyeg_logos_mac/GitHub_Box/mind-map/app/models/repositories/for.rb": {
        "lines": [
          null,
          null,
          1,
          1,
          null,
          1,
          null,
          1,
          null,
          null,
          null,
          1,
          0,
          null,
          null,
          1,
          1,
          null,
          null,
          null,
          null
        ]
      },
      "/Users/kyeg_logos_mac/GitHub_Box/mind-map/app/infrastructure/init.rb": {
        "lines": [
          null,
          null,
          1,
          1,
          2,
          null
        ]
      },
      "/Users/kyeg_logos_mac/GitHub_Box/mind-map/app/infrastructure/gateways/init.rb": {
        "lines": [
          null,
          null,
          1,
          2,
          null
        ]
      },
      "/Users/kyeg_logos_mac/GitHub_Box/mind-map/app/infrastructure/gateways/github_api.rb": {
        "lines": [
          null,
          null,
          1,
          null,
          1,
          1,
          null,
          1,
          1,
          1,
          null,
          null,
          1,
          1,
          null,
          null,
          null,
          null,
          1,
          1,
          null,
          1,
          1,
          null,
          null,
          1,
          null,
          1,
          0,
          null,
          3,
          null,
          null,
          1,
          null,
          1,
          null,
          null,
          1,
          1,
          null,
          null,
          null,
          null,
          1,
          1,
          null,
          null,
          null,
          null,
          null,
          null,
          1,
          null,
          1,
          null,
          null,
          1,
          null,
          null,
          1,
          null,
          null,
          1,
          null,
          null,
          null,
          null,
          1,
          1,
          null,
          null,
          1,
          0,
          null,
          null,
          null,
          null,
          null
        ]
      },
      "/Users/kyeg_logos_mac/GitHub_Box/mind-map/app/infrastructure/database/init.rb": {
        "lines": [
          null,
          null,
          1,
          1,
          1,
          null
        ]
      },
      "/Users/kyeg_logos_mac/GitHub_Box/mind-map/app/infrastructure/database/orms/init.rb": {
        "lines": [
          null,
          null,
          1,
          3,
          null
        ]
      },
      "/Users/kyeg_logos_mac/GitHub_Box/mind-map/app/infrastructure/database/orms/resource_orm.rb": {
        "lines": [
          null,
          null,
          1,
          null,
          1,
          1,
          null,
          1,
          1,
          null,
          null,
          null,
          null,
          1,
          null,
          null,
          null
        ]
      },
      "/Users/kyeg_logos_mac/GitHub_Box/mind-map/app/infrastructure/database/orms/topic_orm.rb": {
        "lines": [
          null,
          null,
          1,
          null,
          1,
          1,
          null,
          1,
          1,
          null,
          null,
          null,
          null,
          1,
          null,
          1,
          15,
          null,
          null,
          null,
          null
        ]
      },
      "/Users/kyeg_logos_mac/GitHub_Box/mind-map/app/controllers/init.rb": {
        "lines": [
          null,
          null,
          1,
          2,
          null
        ]
      },
      "/Users/kyeg_logos_mac/GitHub_Box/mind-map/app/controllers/app.rb": {
        "lines": [
          null,
          null,
          1,
          1,
          null,
          1,
          null,
          1,
          1,
          1,
          1,
          null,
          1,
          0,
          null,
          null,
          0,
          0,
          null,
          null,
          0,
          0,
          0,
          null,
          null,
          null,
          0,
          0,
          null,
          null,
          null,
          0,
          0,
          0,
          0,
          0,
          null,
          0,
          null,
          0,
          null,
          null,
          0,
          null,
          null,
          0,
          null,
          0,
          null,
          null,
          0,
          null,
          null,
          0,
          0,
          null,
          0,
          null,
          null,
          0,
          null,
          null,
          null,
          null,
          null,
          null
        ]
      },
      "/Users/kyeg_logos_mac/GitHub_Box/mind-map/spec/helpers/vcr_helper.rb": {
        "lines": [
          null,
          null,
          1,
          1,
          null,
          null,
          1,
          1,
          1,
          null,
          1,
          1,
          1,
          1,
          null,
          null,
          null,
          1,
          1,
          15,
          15,
          null,
          null,
          1,
          null,
          null,
          null,
          null,
          null,
          null,
          1,
          1,
          null,
          null
        ]
      },
      "/Users/kyeg_logos_mac/GitHub_Box/mind-map/spec/helpers/database_helper.rb": {
        "lines": [
          null,
          null,
          1,
          null,
          null,
          1,
          1,
          1,
          1,
          1,
          null,
          null,
          1,
          1,
          1,
          1,
          null,
          null
        ]
      }
    },
    "timestamp": 1605430711
  }
}
